student@systems-vm:~/p3-lcd-CarlosOrtiz230/myProgram> cd ..
student@systems-vm:~/p3-lcd-CarlosOrtiz230> cd ..
student@systems-vm:~> cd blinky-toy-CarlosOrtiz230/
student@systems-vm:~/blinky-toy-CarlosOrtiz230> git add.
git: 'add.' is not a git command. See 'git --help'.

The most similar command is
	add
student@systems-vm:~/blinky-toy-CarlosOrtiz230> git status
On branch master
Your branch is ahead of 'origin/master' by 4 commits.
  (use "git push" to publish your local commits)

nothing to commit, working tree clean
student@systems-vm:~/blinky-toy-CarlosOrtiz230> git add.
git: 'add.' is not a git command. See 'git --help'.

The most similar command is
	add
student@systems-vm:~/blinky-toy-CarlosOrtiz230> git add .
student@systems-vm:~/blinky-toy-CarlosOrtiz230> git status
On branch master
Your branch is ahead of 'origin/master' by 4 commits.
  (use "git push" to publish your local commits)

nothing to commit, working tree clean
student@systems-vm:~/blinky-toy-CarlosOrtiz230> git commit -m "done"
On branch master
Your branch is ahead of 'origin/master' by 4 commits.
  (use "git push" to publish your local commits)

nothing to commit, working tree clean
student@systems-vm:~/blinky-toy-CarlosOrtiz230
student@systems-vm:~/blinky-toy-CarlosOrtiz230> git push
Counting objects: 54, done.
Delta compression using up to 2 threads.
Compressing objects: 100% (52/52), done.
Writing objects: 100% (54/54), 19.73 KiB | 776.00 KiB/s, done.
Total 54 (delta 28), reused 0 (delta 0)
remote: Resolving deltas: 100% (28/28), completed with 11 local objects.        
To https://github.com/utep-cs-systems-courses/blinky-toy-CarlosOrtiz230.git
   85b5071..1860a41  master -> master
student@systems-vm:~/blinky-toy-CarlosOrtiz230> cd ..
student@systems-vm:~> cd p3-lcd-CarlosOrtiz230/
student@systems-vm:~/p3-lcd-CarlosOrtiz230> cd myProgram
student@systems-vm:~/p3-lcd-CarlosOrtiz230/myProgram> make load
msp430-elf-gcc -mmcu=msp430g2553 -Os -I../h    -c -o lcddemo.o lcddemo.c
lcddemo.c: In function 'main':
lcddemo.c:19:3: warning: implicit declaration of function 'drawFunnyFace' [-Wimplicit-function-declaration]
   drawFunnyFace();
   ^~~~~~~~~~~~~
msp430-elf-gcc -mmcu=msp430g2553 -Os -I../h    -c -o font-11x16.o font-11x16.c
msp430-elf-gcc -mmcu=msp430g2553 -Os -I../h    -c -o font-5x7.o font-5x7.c
msp430-elf-gcc -mmcu=msp430g2553 -Os -I../h    -c -o font-8x12.o font-8x12.c
msp430-elf-gcc -mmcu=msp430g2553 -Os -I../h    -c -o lcdutils.o lcdutils.c
msp430-elf-gcc -mmcu=msp430g2553 -Os -I../h    -c -o lcddraw.o lcddraw.c
msp430-elf-gcc -mmcu=msp430g2553 -Os -I../h    -c -o drawFunnyFace.o drawFunnyFace.c
msp430-elf-ar crs libLcd.a font-11x16.o font-5x7.o font-8x12.o lcdutils.o lcddraw.o drawFunnyFace.o
msp430-elf-gcc -mmcu=msp430g2553 -Os -I../h  -L/opt/ti/msp430_gcc/include -L../lib  lcddemo.o libLcd.a -o lcddemo.elf -lTimer 
lcddemo.o: In function `Port_2':
lcddemo.c:(.text+0x42): undefined reference to `screen_stateMachine'
lcddemo.o: In function `Port_1':
lcddemo.c:(.text+0x82): undefined reference to `screen_stateMachine'
lcddemo.o: In function `WDT':
lcddemo.c:(.text+0xb8): undefined reference to `screen_stateMachine'
collect2: error: ld returned 1 exit status
make: *** [Makefile:26: lcddemo.elf] Error 1
student@systems-vm:~/p3-lcd-CarlosOrtiz230/myProgram> 
student@systems-vm:~/p3-lcd-CarlosOrtiz230/myProgram> 
student@systems-vm:~/p3-lcd-CarlosOrtiz230/myProgram> 
student@systems-vm:~/p3-lcd-CarlosOrtiz230/myProgram> 
student@systems-vm:~/p3-lcd-CarlosOrtiz230/myProgram> 
student@systems-vm:~/p3-lcd-CarlosOrtiz230/myProgram> 
student@systems-vm:~/p3-lcd-CarlosOrtiz230/myProgram> ls
buzzer.c          drawFunnyFace.o  font-8x12.c  lcddraw.h   led.h      screen_stateMachine.c
buzzer.c~         #font-11x16.c#   font-8x12.o  lcddraw.o   led.h~     screen_stateMachine.c~
buzzer.h          font-11x16.c     lcddemo.c    lcdtypes.h  libLcd.a
buzzer.h~         font-11x16.o     lcddemo.c~   lcdutils.c  Makefile
drawFunnyFace.c   font-5x7.c       lcddemo.o    lcdutils.h  Makefile~
drawFunnyFace.c~  font-5x7.o       lcddraw.c    lcdutils.o  README.md
student@systems-vm:~/p3-lcd-CarlosOrtiz230/myProgram> touch "" > weirdSound.c
touch: cannot touch '': No such file or directory
student@systems-vm:~/p3-lcd-CarlosOrtiz230/myProgram> 
student@systems-vm:~/p3-lcd-CarlosOrtiz230/myProgram> 
student@systems-vm:~/p3-lcd-CarlosOrtiz230/myProgram> make load
msp430-elf-gcc -mmcu=msp430g2553 -Os -I../h  -L/opt/ti/msp430_gcc/include -L../lib  lcddemo.o libLcd.a -o lcddemo.elf -lTimer 
lcddemo.o: In function `Port_2':
lcddemo.c:(.text+0x42): undefined reference to `screen_stateMachine'
lcddemo.o: In function `Port_1':
lcddemo.c:(.text+0x82): undefined reference to `screen_stateMachine'
lcddemo.o: In function `WDT':
lcddemo.c:(.text+0xb8): undefined reference to `screen_stateMachine'
collect2: error: ld returned 1 exit status
make: *** [Makefile:26: lcddemo.elf] Error 1
student@systems-vm:~/p3-lcd-CarlosOrtiz230/myProgram> ls
buzzer.c          drawFunnyFace.o  font-8x12.c  lcddraw.h   led.h      screen_stateMachine.c
buzzer.c~         #font-11x16.c#   font-8x12.o  lcddraw.o   led.h~     screen_stateMachine.c~
buzzer.h          font-11x16.c     lcddemo.c    lcdtypes.h  libLcd.a   weirdSound.c
buzzer.h~         font-11x16.o     lcddemo.c~   lcdutils.c  Makefile   weirdSound.c~
drawFunnyFace.c   font-5x7.c       lcddemo.o    lcdutils.h  Makefile~
drawFunnyFace.c~  font-5x7.o       lcddraw.c    lcdutils.o  README.md
student@systems-vm:~/p3-lcd-CarlosOrtiz230/myProgram> cd ..
student@systems-vm:~/p3-lcd-CarlosOrtiz230> rm -r myProgram
student@systems-vm:~/p3-lcd-CarlosOrtiz230> l
total 16
drwxr-xr-x 1 student users  144 Jul 31 15:04 ./
drwxr-xr-x 1 student users 1304 Jul 31 11:56 ../
drwxr-xr-x 1 student users  166 Jul 31 11:56 .git/
drwxr-xr-x 1 student users  112 Jul 20 12:56 h/
drwxr-xr-x 1 student users  410 Jul 31 02:46 lcdLib/
drwxr-xr-x 1 student users   36 Jul 30 19:31 lib/
-rw-r--r-- 1 student users 1524 Jul 20 12:55 LICENSE
-rw-r--r-- 1 student users  385 Jul 30 19:31 Makefile
-rw-r--r-- 1 student users  304 Jul 31 02:46 #Makefile#
drwxr-xr-x 1 student users  156 Jul 30 18:16 msquares/
-rw-r--r-- 1 student users   20 Jul 20 12:55 README.md
drwxr-xr-x 1 student users  138 Jul 30 19:31 timerLib/
drwxr-xr-x 1 student users  132 Jul 20 12:56 wakedemo/
student@systems-vm:~/p3-lcd-CarlosOrtiz230> ls
h  lcdLib  lib  LICENSE  Makefile  #Makefile#  msquares  README.md  timerLib  wakedemo
student@systems-vm:~/p3-lcd-CarlosOrtiz230> mkdir myProgram
student@systems-vm:~/p3-lcd-CarlosOrtiz230> ls
h  lcdLib  lib  LICENSE  Makefile  #Makefile#  msquares  myProgram  README.md  timerLib  wakedemo
student@systems-vm:~/p3-lcd-CarlosOrtiz230> myProgram
If 'myProgram' is not a typo you can use command-not-found to lookup the package that contains it, like this:
    cnf myProgram
student@systems-vm:~/p3-lcd-CarlosOrtiz230> cd myProgram
student@systems-vm:~/p3-lcd-CarlosOrtiz230/myProgram> ls
student@systems-vm:~/p3-lcd-CarlosOrtiz230/myProgram>touch "" > runner.c
touch: cannot touch '': No such file or directory
student@systems-vm:~/p3-lcd-CarlosOrtiz230/myProgram> ls
runner.c
student@systems-vm:~/p3-lcd-CarlosOrtiz230/myProgram>touch "" > wdt_handler.s
touch: cannot touch '': No such file or directory
student@systems-vm:~/p3-lcd-CarlosOrtiz230/myProgram> ls
runner.c  wdt_handler.s
student@systems-vm:~/p3-lcd-CarlosOrtiz230/myProgram> 
student@systems-vm:~/p3-lcd-CarlosOrtiz230/myProgram> make 
make: *** No targets specified and no makefile found.  Stop.
student@systems-vm:~/p3-lcd-CarlosOrtiz230/myProgram> 
student@systems-vm:~/p3-lcd-CarlosOrtiz230/myProgram> 
student@systems-vm:~/p3-lcd-
student@systems-vm:~/p3-lcd-CarlosOrtiz230/myProgram> 
student@systems-vm:~/p3-lcd-CarlosOrtiz230/myProgram> 
student@systems-vm:~/p3-lcd-CarlosOrtiz230/myProgram> rm *shell*
student@systems-vm:~/p3-lcd-CarlosOrtiz230/myProgram> 
student@systems-vm:~/p3-lcd-CarlosOrtiz230/myProgram> ls
runner.c  wdt_handler.s  wdt_handler.s~
student@systems-vm:~/p3-lcd-CarlosOrtiz230/myProgram> ls
runner.c  wdt_handler.s  wdt_handler.s~
student@systems-vm:~/p3-lcd-CarlosOrtiz230/myProgram> rm wdt_handler.s~
student@systems-vm:~/p3-lcd-CarlosOrtiz230/myProgram> ls
runner.c  wdt_handler.s
student@systems-vm:~/p3-lcd-CarlosOrtiz230/myProgram>make load
make: *** No rule to make target 'load'.  Stop.
student@systems-vm:~/p3-lcd-CarlosOrtiz230/myProgram> touch "" > Makefile
touch: cannot touch '': No such file or directory
student@systems-vm:~/p3-lcd-CarlosOrtiz230/myProgram> ls
Makefile  runner.c  runner.c~  #*shell*#  wdt_handler.s
student@systems-vm:~/p3-lcd-CarlosOrtiz230/myProgram> make load
make: *** No rule to make target 'main.o', needed by 'game.elf'.  Stop.
student@systems-vm:~/p3-lcd-CarlosOrtiz230/myProgram> make load
make: *** No rule to make target 'screen.elf', needed by 'load'.  Stop.
student@systems-vm:~/p3-lcd-CarlosOrtiz230/myProgram> make load
make: *** No rule to make target 'screen.elf', needed by 'load'.  Stop.
student@systems-vm:~/p3-lcd-CarlosOrtiz230/myProgram> make load
make: *** No rule to make target 'screen.elf', needed by 'load'.  Stop.
student@systems-vm:~/p3-lcd-CarlosOrtiz230/myProgram> touch "" > stateMachine.c
touch: cannot touch '': No such file or directory
student@systems-vm:~/p3-lcd-CarlosOrtiz230/myProgram> ls
Makefile  runner.c  runner.c~  #*shell*#  stateMachine.c  wdt_handler.s
student@systems-vm:~/p3-lcd-CarlosOrtiz230/myProgram> make load
make: *** No rule to make target 'screen.elf', needed by 'load'.  Stop.
student@systems-vm:~/p3-lcd-CarlosOrtiz230/myProgram> 
student@systems-vm:~/p3-lcd-CarlosOrtiz230/myProgram> 
student@systems-vm:~/p3-lcd-CarlosOrtiz230/myProgram> 
student@systems-vm:~/p3-lcd-CarlosOrtiz230/myProgram> 
student@systems-vm:~/p3-lcd-CarlosOrtiz230/myProgram> 
student@systems-vm:~/p3-lcd-CarlosOrtiz230/myProgram> 
student@systems-vm:~/p3-lcd-CarlosOrtiz230/myProgram> 
student@systems-vm:~/p3-lcd-CarlosOrtiz230/myProgram> 
student@systems-vm:~/p3-lcd-CarlosOrtiz230/myProgram> 
student@systems-vm:~/p3-lcd-CarlosOrtiz230/myProgram> 
student@systems-vm:~/p3-lcd-CarlosOrtiz230/myProgram> 
student@systems-vm:~/p3-lcd-CarlosOrtiz230/myProgram> 
student@systems-vm:~/p3-lcd-CarlosOrtiz230/myProgram> make all
make: *** No rule to make target 'screen.elf', needed by 'all'.  Stop.
student@systems-vm:~/p3-lcd-CarlosOrtiz230/myProgram> make
make: *** No rule to make target 'screen.elf', needed by 'all'.  Stop.
student@systems-vm:~/p3-lcd-CarlosOrtiz230/myProgram> make load
make: *** No rule to make target 'screen.elf', needed by 'load'.  Stop.
student@systems-vm:~/p3-lcd-CarlosOrtiz230/myProgram> make load
msp430-elf-gcc -mmcu=msp430g2553 -Os -I../h   -c -o runner.o runner.c
runner.c:5:10: fatal error: shipdraw.h: No such file or directory
 #include "shipdraw.h"
          ^~~~~~~~~~~~
compilation terminated.
make: *** [<builtin>: runner.o] Error 1
student@systems-vm:~/p3-lcd-CarlosOrtiz230/myProgrammake load
msp430-elf-gcc -mmcu=msp430g2553 -Os -I../h   -c -o runner.o runner.c
runner.c: In function 'main':
runner.c:21:7: warning: implicit declaration of function 'switch_init'; did you mean 'lcd_init'? [-Wimplicit-function-declaration]
       switch_init();
       ^~~~~~~~~~~
       lcd_init
runner.c: At top level:
runner.c:26:1: error: expected identifier or '(' before '}' token
 }
 ^
make: *** [<builtin>: runner.o] Error 1
student@systems-vm:~/p3-lcd-CarlosOrtiz230/myProgram> make all
msp430-elf-gcc -mmcu=msp430g2553 -Os -I../h   -c -o runner.o runner.c
runner.c:4:21: warning: missing terminating ' character
 #include "lcddraw.h"'
                     ^
runner.c:4:21: warning: extra tokens at end of #include directive
runner.c: In function 'main':
runner.c:20:3: warning: implicit declaration of function 'switch_init'; did you mean 'lcd_init'? [-Wimplicit-function-declaration]
   switch_init();
   ^~~~~~~~~~~
   lcd_init
msp430-elf-gcc -mmcu=msp430g2553 -c   -o wdt_handler.o wdt_handler.s
msp430-elf-gcc -mmcu=msp430g2553 -Os -I../h   -c -o stateMachine.o stateMachine.c
stateMachine.c:5:10: fatal error: shipdraw.h: No such file or directory
 #include "shipdraw.h"
          ^~~~~~~~~~~~
compilation terminated.
make: *** [<builtin>: stateMachine.o] Error 1
student@systems-vm:~/p3-lcd-CarlosOrtiz230/myProgram> make load
msp430-elf-gcc -mmcu=msp430g2553 -Os -I../h   -c -o runner.o runner.c
runner.c:4:21: warning: missing terminating ' character
 #include "lcddraw.h"'
                     ^
runner.c:4:21: warning: extra tokens at end of #include directive
runner.c: In function 'main':
runner.c:20:3: warning: implicit declaration of function 'switch_init'; did you mean 'lcd_init'? [-Wimplicit-function-declaration]
   switch_init();
   ^~~~~~~~~~~
   lcd_init
msp430-elf-gcc -mmcu=msp430g2553 -Os -I../h   -c -o stateMachine.o stateMachine.c
stateMachine.c: In function 'wdt_c_handler':
stateMachine.c:66:3: error: expected declaration or statement at end of input
   }
   ^
make: *** [<builtin>: stateMachine.o] Error 1
student@systems-vm:~/p3-lcd-CarlosOrtiz230/myProgram> make load
msp430-elf-gcc -mmcu=msp430g2553 -Os -I../h   -c -o stateMachine.o stateMachine.c
make: *** No rule to make target 'draws.o', needed by 'screen.elf'.  Stop.
student@systems-vm:~/p3-lcd-CarlosOrtiz230/myProgram> ls
Makefile  runner.c~  #*shell*#       stateMachine.c~  wdt_handler.o
runner.c  runner.o   stateMachine.c  stateMachine.o   wdt_handler.s
student@systems-vm:~/p3-lcd-CarlosOrtiz230/myProgram> touch "" > draws.c
touch: cannot touch '': No such file or directory
student@systems-vm:~/p3-lcd-CarlosOrtiz230/myProgram> ls
draws.c   runner.c   runner.o   stateMachine.c   stateMachine.o  wdt_handler.s
Makefile  runner.c~  #*shell*#  stateMachine.c~  wdt_handler.o
student@systems-vm:~/p3-lcd-CarlosOrtiz230/myProgram> make all
msp430-elf-gcc -mmcu=msp430g2553 -Os -I../h   -c -o draws.o draws.c
msp430-elf-gcc -mmcu=msp430g2553 -Os -I../h -L../lib -L/opt/ti/msp430_gcc/include/ -o screen.elf runner.o wdt_handler.o stateMachine.o draws.o -lTimer -lLcd
wdt_handler.o: In function `WDT':
(.text+0x36): undefined reference to `redrawScreen'
collect2: error: ld returned 1 exit status
make: *** [Makefile:20: screen.elf] Error 1
student@systems-vm:~/p3-lcd-CarlosOrtiz230/myProgram> make load
msp430-elf-gcc -mmcu=msp430g2553 -c   -o wdt_handler.o wdt_handler.s
msp430-elf-gcc -mmcu=msp430g2553 -Os -I../h -L../lib -L/opt/ti/msp430_gcc/include/ -o screen.elf runner.o wdt_handler.o stateMachine.o draws.o -lTimer -lLcd
wdt_handler.o: In function `WDT':
(.text+0x36): undefined reference to `stateMachine'
collect2: error: ld returned 1 exit status
make: *** [Makefile:20: screen.elf] Error 1
student@systems-vm:~/p3-lcd-CarlosOrtiz230/myProgram> ls
draws.c  Makefile  runner.c~  #*shell*#       stateMachine.c~  wdt_handler.o
draws.o  runner.c  runner.o   stateMachine.c  stateMachine.o   wdt_handler.s
student@systems-vm:~/p3-lcd-CarlosOrtiz230/myProgram> make all
msp430-elf-gcc -mmcu=msp430g2553 -c   -o wdt_handler.o wdt_handler.s
msp430-elf-gcc -mmcu=msp430g2553 -Os -I../h -L../lib -L/opt/ti/msp430_gcc/include/ -o screen.elf runner.o wdt_handler.o stateMachine.o draws.o -lTimer -lLcd
student@systems-vm:~/p3-lcd-CarlosOrtiz230/myProgram> make laod
make: *** No rule to make target 'laod'.  Stop.
student@systems-vm:~/p3-lcd-CarlosOrtiz230/myProgram> make load
msp430loader.sh screen.elf
check 
No valid msp430 devices found! Are you sure the MSP430 is connected to the vm (check lsusb)? 
make: *** [Makefile:22: load] Error 1
student@systems-vm:~/p3-lcd-CarlosOrtiz230/myProgram> make laod
make: *** No rule to make target 'laod'.  Stop.
student@systems-vm:~/p3-lcd-CarlosOrtiz230/myProgram> make load
msp430loader.sh screen.elf
check 
Detected msp430 dev kit
/opt/ti/uniflash/dslite.sh --config /opt/ti/uniflash/MSP430G2553.ccxml -f  screen.elf
Executing the following command:
> /opt/ti/uniflash_5.1.0/deskdb/content/TICloudAgent/linux/ccs_base/DebugServer/bin/DSLite flash --config /opt/ti/uniflash/MSP430G2553.ccxml -f screen.elf

For more details and examples, please refer to the UniFlash Quick Start guide.

info: MSP430:  Flash/FRAM usage is 816 bytes. RAM usage is 0 bytes.
student@systems-vm:~/p3-lcd-CarlosOrtiz230/myProgram> make load
msp430-elf-gcc -mmcu=msp430g2553 -Os -I../h   -c -o stateMachine.o stateMachine.c
stateMachine.c: In function 'wdt_c_handler':
stateMachine.c:46:7: warning: implicit declaration of function 'funnyFace' [-Wimplicit-function-declaration]
       funnyFace();
       ^~~~~~~~~
msp430-elf-gcc -mmcu=msp430g2553 -Os -I../h   -c -o draws.o draws.c
msp430-elf-gcc -mmcu=msp430g2553 -Os -I../h -L../lib -L/opt/ti/msp430_gcc/include/ -o screen.elf runner.o wdt_handler.o stateMachine.o draws.o -lTimer -lLcd
msp430loader.sh screen.elf
check 
Detected msp430 dev kit
/opt/ti/uniflash/dslite.sh --config /opt/ti/uniflash/MSP430G2553.ccxml -f  screen.elf
Executing the following command:
> /opt/ti/uniflash_5.1.0/deskdb/content/TICloudAgent/linux/ccs_base/DebugServer/bin/DSLite flash --config /opt/ti/uniflash/MSP430G2553.ccxml -f screen.elf

For more details and examples, please refer to the UniFlash Quick Start guide.

info: MSP430:  Flash/FRAM usage is 1800 bytes. RAM usage is 0 bytes.
student@systems-vm:~/p3-lcd-CarlosOrtiz230/myProgram> make load
msp430-elf-gcc -mmcu=msp430g2553 -Os -I../h   -c -o stateMachine.o stateMachine.c
stateMachine.c: In function 'wdt_c_handler':
stateMachine.c:49:7: warning: implicit declaration of function 'funnyFace' [-Wimplicit-function-declaration]
       funnyFace();
       ^~~~~~~~~
msp430-elf-gcc -mmcu=msp430g2553 -Os -I../h -L../lib -L/opt/ti/msp430_gcc/include/ -o screen.elf runner.o wdt_handler.o stateMachine.o draws.o -lTimer -lLcd
msp430loader.sh screen.elf
check 
Detected msp430 dev kit
/opt/ti/uniflash/dslite.sh --config /opt/ti/uniflash/MSP430G2553.ccxml -f  screen.elf
Executing the following command:
> /opt/ti/uniflash_5.1.0/deskdb/content/TICloudAgent/linux/ccs_base/DebugServer/bin/DSLite flash --config /opt/ti/uniflash/MSP430G2553.ccxml -f screen.elf

For more details and examples, please refer to the UniFlash Quick Start guide.

info: MSP430:  Flash/FRAM usage is 1800 bytes. RAM usage is 0 bytes.
student@systems-vm:~/p3-lcd-CarlosOrtiz230/myProgram> make load
msp430-elf-gcc -mmcu=msp430g2553 -Os -I../h   -c -o runner.o runner.c
runner.c:4:21: warning: missing terminating ' character
 #include "lcddraw.h"'
                     ^
runner.c:4:21: warning: extra tokens at end of #include directive
runner.c: In function 'main':
runner.c:16:3: warning: implicit declaration of function 'funnyFace' [-Wimplicit-function-declaration]
   funnyFace();
   ^~~~~~~~~
runner.c:21:3: warning: implicit declaration of function 'switch_init'; did you mean 'lcd_init'? [-Wimplicit-function-declaration]
   switch_init();
   ^~~~~~~~~~~
   lcd_init
msp430-elf-gcc -mmcu=msp430g2553 -Os -I../h -L../lib -L/opt/ti/msp430_gcc/include/ -o screen.elf runner.o wdt_handler.o stateMachine.o draws.o -lTimer -lLcd
msp430loader.sh screen.elf
check 
Detected msp430 dev kit
/opt/ti/uniflash/dslite.sh --config /opt/ti/uniflash/MSP430G2553.ccxml -f  screen.elf
Executing the following command:
> /opt/ti/uniflash_5.1.0/deskdb/content/TICloudAgent/linux/ccs_base/DebugServer/bin/DSLite flash --config /opt/ti/uniflash/MSP430G2553.ccxml -f screen.elf

For more details and examples, please refer to the UniFlash Quick Start guide.

info: MSP430:  Flash/FRAM usage is 1804 bytes. RAM usage is 0 bytes.
student@systems-vm:~/p3-lcd-CarlosOrtiz230/myProgram> touch "" > draws.h
touch: cannot touch '': No such file or directory
student@systems-vm:~/p3-lcd-CarlosOrtiz230/myProgram> make load
msp430loader.sh screen.elf
check 
Detected msp430 dev kit
/opt/ti/uniflash/dslite.sh --config /opt/ti/uniflash/MSP430G2553.ccxml -f  screen.elf
Executing the following command:
> /opt/ti/uniflash_5.1.0/deskdb/content/TICloudAgent/linux/ccs_base/DebugServer/bin/DSLite flash --config /opt/ti/uniflash/MSP430G2553.ccxml -f screen.elf

For more details and examples, please refer to the UniFlash Quick Start guide.
info: MSP430:  Flash/FRAM usage is 1804 bytes. RAM usage is 0 bytes.
student@systems-vm:~/p3-lcd-CarlosOrtiz230/myProgram> make load
msp430-elf-gcc -mmcu=msp430g2553 -Os -I../h   -c -o runner.o runner.c
runner.c:4:21: warning: missing terminating ' character
 #include "lcddraw.h"'
                     ^
runner.c:4:21: warning: extra tokens at end of #include directive
runner.c:5:2: error: invalid preprocessing directive #inclide; did you mean #include?
 #inclide "draws.h"
  ^~~~~~~
  include
runner.c: In function 'main':
runner.c:17:3: warning: implicit declaration of function 'funnyFace' [-Wimplicit-function-declaration]
   funnyFace();
   ^~~~~~~~~
runner.c:22:3: warning: implicit declaration of function 'switch_init'; did you mean 'lcd_init'? [-Wimplicit-function-declaration]
   switch_init();
   ^~~~~~~~~~~
   lcd_init
make: *** [<builtin>: runner.o] Error 1
student@systems-vm:~/p3-lcd-CarlosOrtiz230/myProgram> make load
msp430-elf-gcc -mmcu=msp430g2553 -Os -I../h   -c -o runner.o runner.c
runner.c:4:21: warning: missing terminating ' character
 #include "lcddraw.h"'
                     ^
runner.c:4:21: warning: extra tokens at end of #include directive
runner.c: In function 'main':
runner.c:17:3: warning: implicit declaration of function 'funnyFace' [-Wimplicit-function-declaration]
   funnyFace();
   ^~~~~~~~~
runner.c:22:3: warning: implicit declaration of function 'switch_init'; did you mean 'lcd_init'? [-Wimplicit-function-declaration]
   switch_init();
   ^~~~~~~~~~~
   lcd_init
msp430-elf-gcc -mmcu=msp430g2553 -Os -I../h -L../lib -L/opt/ti/msp430_gcc/include/ -o screen.elf runner.o wdt_handler.o stateMachine.o draws.o -lTimer -lLcd
msp430loader.sh screen.elf
check 
Detected msp430 dev kit
/opt/ti/uniflash/dslite.sh --config /opt/ti/uniflash/MSP430G2553.ccxml -f  screen.elf
Executing the following command:
> /opt/ti/uniflash_5.1.0/deskdb/content/TICloudAgent/linux/ccs_base/DebugServer/bin/DSLite flash --config /opt/ti/uniflash/MSP430G2553.ccxml -f screen.elf

For more details and examples, please refer to the UniFlash Quick Start guide.

info: MSP430:  Flash/FRAM usage is 1804 bytes. RAM usage is 0 bytes.
student@systems-vm:~/p3-lcd-CarlosOrtiz230/myProgram> make load
msp430loader.sh screen.elf
check 
Detected msp430 dev kit
/opt/ti/uniflash/dslite.sh --config /opt/ti/uniflash/MSP430G2553.ccxml -f  screen.elf
Executing the following command:
> /opt/ti/uniflash_5.1.0/deskdb/content/TICloudAgent/linux/ccs_base/DebugServer/bin/DSLite flash --config /opt/ti/uniflash/MSP430G2553.ccxml -f screen.elf

For more details and examples, please refer to the UniFlash Quick Start guide.

info: MSP430:  Flash/FRAM usage is 1804 bytes. RAM usage is 0 bytes.
student@systems-vm:~/p3-lcd-CarlosOrtiz230/myProgram> make load
msp430-elf-gcc -mmcu=msp430g2553 -Os -I../h   -c -o runner.o runner.c
runner.c:4:21: warning: missing terminating ' character
 #include "lcddraw.h"'
                     ^
runner.c:4:21: warning: extra tokens at end of #include directive
runner.c: In function 'main':
runner.c:17:3: warning: implicit declaration of function 'printf' [-Wimplicit-function-declaration]
   printf("hola mama");
   ^~~~~~
runner.c:17:3: warning: incompatible implicit declaration of built-in function 'printf'
runner.c:17:3: note: include '<stdio.h>' or provide a declaration of 'printf'
runner.c:6:1:
+#include <stdio.h>
 
runner.c:17:3:
   printf("hola mama");
   ^~~~~~
runner.c:18:3: warning: implicit declaration of function 'funnyFace' [-Wimplicit-function-declaration]
   funnyFace();
   ^~~~~~~~~
runner.c:23:3: warning: implicit declaration of function 'switch_init'; did you mean 'lcd_init'? [-Wimplicit-function-declaration]
   switch_init();
   ^~~~~~~~~~~
   lcd_init
msp430-elf-gcc -mmcu=msp430g2553 -Os -I../h -L../lib -L/opt/ti/msp430_gcc/include/ -o screen.elf runner.o wdt_handler.o stateMachine.o draws.o -lTimer -lLcd
msp430loader.sh screen.elf
check 
Detected msp430 dev kit
/opt/ti/uniflash/dslite.sh --config /opt/ti/uniflash/MSP430G2553.ccxml -f  screen.elf
Executing the following command:
> /opt/ti/uniflash_5.1.0/deskdb/content/TICloudAgent/linux/ccs_base/DebugServer/bin/DSLite flash --config /opt/ti/uniflash/MSP430G2553.ccxml -f screen.elf

For more details and examples, please refer to the UniFlash Quick Start guide.

info: MSP430:  Flash/FRAM usage is 8419 bytes. RAM usage is 0 bytes.
student@systems-vm:~/p3-lcd-CarlosOrtiz230/myProgram> make load
msp430-elf-gcc -mmcu=msp430g2553 -Os -I../h   -c -o runner.o runner.c
runner.c:4:21: warning: missing terminating ' character
 #include "lcddraw.h"'
                     ^
runner.c:4:21: warning: extra tokens at end of #include directive
runner.c: In function 'main':
runner.c:18:3: warning: implicit declaration of function 'funnyFace' [-Wimplicit-function-declaration]
   funnyFace();
   ^~~~~~~~~
runner.c:23:3: warning: implicit declaration of function 'switch_init'; did you mean 'lcd_init'? [-Wimplicit-function-declaration]
   switch_init();
   ^~~~~~~~~~~
   lcd_init
msp430-elf-gcc -mmcu=msp430g2553 -Os -I../h -L../lib -L/opt/ti/msp430_gcc/include/ -o screen.elf runner.o wdt_handler.o stateMachine.o draws.o -lTimer -lLcd
msp430loader.sh screen.elf
check 
Detected msp430 dev kit
/opt/ti/uniflash/dslite.sh --config /opt/ti/uniflash/MSP430G2553.ccxml -f  screen.elf
Executing the following command:
> /opt/ti/uniflash_5.1.0/deskdb/content/TICloudAgent/linux/ccs_base/DebugServer/bin/DSLite flash --config /opt/ti/uniflash/MSP430G2553.ccxml -f screen.elf

For more details and examples, please refer to the UniFlash Quick Start guide.

info: MSP430:  Flash/FRAM usage is 1818 bytes. RAM usage is 0 bytes.
student@systems-vm:~/p3-lcd-CarlosOrtiz230/myProgram> make load
msp430-elf-gcc -mmcu=msp430g2553 -Os -I../h   -c -o runner.o runner.c
runner.c:4:21: warning: missing terminating ' character
 #include "lcddraw.h"'
                     ^
runner.c:4:21: warning: extra tokens at end of #include directive
runner.c: In function 'main':
runner.c:17:3: error: expected declaration specifiers before 'drawPixel'
   drawPixel(30,30,COLOR_GREEN);
   ^~~~~~~~~
runner.c:18:3: error: expected declaration specifiers before 'funnyFace'
   funnyFace();
   ^~~~~~~~~
runner.c:19:3: error: expected declaration specifiers before 'P1DIR'
   P1DIR |= LED;/**< Green led on when CPU on */
   ^~~~~
runner.c:20:3: error: expected declaration specifiers before 'P1OUT'
   P1OUT |= LED;
   ^~~~~
runner.c:21:3: error: expected declaration specifiers before 'configureClocks'
   configureClocks();
   ^~~~~~~~~~~~~~~
runner.c:22:3: error: expected declaration specifiers before 'lcd_init'
   lcd_init();
   ^~~~~~~~
runner.c:23:3: error: expected declaration specifiers before 'switch_init'
   switch_init();
   ^~~~~~~~~~~
runner.c:24:3: error: expected declaration specifiers before 'enableWDTInterrupts'
   enableWDTInterrupts();      /**< enable periodic interrupt */
   ^~~~~~~~~~~~~~~~~~~
runner.c:25:3: error: expected declaration specifiers before 'or_sr'
   or_sr(0x8);              /**< GIE (enable interrupts) */
   ^~~~~
runner.c:26:3: error: expected declaration specifiers before 'or_sr'
   or_sr(0x10);/**< CPU OFF */
   ^~~~~
runner.c:27:1: error: expected declaration specifiers before '}' token
 }
 ^
runner.c:28: error: expected '{' at end of input
 
 
make: *** [<builtin>: runner.o] Error 1
student@systems-vm:~/p3-lcd-CarlosOrtiz230/myProgram> make load
msp430-elf-gcc -mmcu=msp430g2553 -Os -I../h   -c -o runner.o runner.c
runner.c:4:21: warning: missing terminating ' character
 #include "lcddraw.h"'
                     ^
runner.c:4:21: warning: extra tokens at end of #include directive
runner.c: In function 'main':
runner.c:18:3: warning: implicit declaration of function 'funnyFace' [-Wimplicit-function-declaration]
   funnyFace();
   ^~~~~~~~~
runner.c:23:3: warning: implicit declaration of function 'switch_init'; did you mean 'lcd_init'? [-Wimplicit-function-declaration]
   switch_init();
   ^~~~~~~~~~~
   lcd_init
msp430-elf-gcc -mmcu=msp430g2553 -Os -I../h -L../lib -L/opt/ti/msp430_gcc/include/ -o screen.elf runner.o wdt_handler.o stateMachine.o draws.o -lTimer -lLcd
msp430loader.sh screen.elf
check 
Detected msp430 dev kit
/opt/ti/uniflash/dslite.sh --config /opt/ti/uniflash/MSP430G2553.ccxml -f  screen.elf
Executing the following command:
> /opt/ti/uniflash_5.1.0/deskdb/content/TICloudAgent/linux/ccs_base/DebugServer/bin/DSLite flash --config /opt/ti/uniflash/MSP430G2553.ccxml -f screen.elf

For more details and examples, please refer to the UniFlash Quick Start guide.

info: MSP430:  Flash/FRAM usage is 1808 bytes. RAM usage is 0 bytes.
student@systems-vm:~/p3-lcd-CarlosOrtiz230/myProgram> MAKE LOAD
If 'MAKE' is not a typo you can use command-not-found to lookup the package that contains it, like this:
    cnf MAKE
student@systems-vm:~/p3-lcd-CarlosOrtiz230/myProgram> make load
msp430-elf-gcc -mmcu=msp430g2553 -Os -I../h   -c -o runner.o runner.c
runner.c:4:21: warning: missing terminating ' character
 #include "lcddraw.h"'
                     ^
runner.c:4:21: warning: extra tokens at end of #include directive
runner.c: In function 'main':
runner.c:18:3: warning: implicit declaration of function 'funnyFace' [-Wimplicit-function-declaration]
   funnyFace();
   ^~~~~~~~~
runner.c:23:3: warning: implicit declaration of function 'switch_init'; did you mean 'lcd_init'? [-Wimplicit-function-declaration]
   switch_init();
   ^~~~~~~~~~~
   lcd_init
msp430-elf-gcc -mmcu=msp430g2553 -Os -I../h -L../lib -L/opt/ti/msp430_gcc/include/ -o screen.elf runner.o wdt_handler.o stateMachine.o draws.o -lTimer -lLcd
msp430loader.sh screen.elf
check 
Detected msp430 dev kit
/opt/ti/uniflash/dslite.sh --config /opt/ti/uniflash/MSP430G2553.ccxml -f  screen.elf
Executing the following command:
> /opt/ti/uniflash_5.1.0/deskdb/content/TICloudAgent/linux/ccs_base/DebugServer/bin/DSLite flash --config /opt/ti/uniflash/MSP430G2553.ccxml -f screen.elf

For more details and examples, please refer to the UniFlash Quick Start guide.

info: MSP430:  Flash/FRAM usage is 1828 bytes. RAM usage is 0 bytes.
student@systems-vm:~/p3-lcd-CarlosOrtiz230/myProgramake load
msp430-elf-gcc -mmcu=msp430g2553 -Os -I../h   -c -o runner.o runner.c
runner.c:4:21: warning: missing terminating ' character
 #include "lcddraw.h"'
                     ^
runner.c:4:21: warning: extra tokens at end of #include directive
runner.c: In function 'main':
runner.c:19:3: warning: implicit declaration of function 'funnyFace' [-Wimplicit-function-declaration]
   funnyFace();
   ^~~~~~~~~
runner.c:24:3: warning: implicit declaration of function 'switch_init'; did you mean 'lcd_init'? [-Wimplicit-function-declaration]
   switch_init();
   ^~~~~~~~~~~
   lcd_init
msp430-elf-gcc -mmcu=msp430g2553 -Os -I../h -L../lib -L/opt/ti/msp430_gcc/include/ -o screen.elf runner.o wdt_handler.o stateMachine.o draws.o -lTimer -lLcd
msp430loader.sh screen.elf
check 
Detected msp430 dev kit
/opt/ti/uniflash/dslite.sh --config /opt/ti/uniflash/MSP430G2553.ccxml -f  screen.elf
Executing the following command:
> /opt/ti/uniflash_5.1.0/deskdb/content/TICloudAgent/linux/ccs_base/DebugServer/bin/DSLite flash --config /opt/ti/uniflash/MSP430G2553.ccxml -f screen.elf

For more details and examples, please refer to the UniFlash Quick Start guide.

info: MSP430:  Flash/FRAM usage is 1834 bytes. RAM usage is 0 bytes.
student@systems-vm:~/p3-lcd-CarlosOrtiz230/myProgram> make load
msp430-elf-gcc -mmcu=msp430g2553 -Os -I../h   -c -o runner.o runner.c
runner.c: In function 'main':
runner.c:19:3: warning: implicit declaration of function 'funnyFace' [-Wimplicit-function-declaration]
   funnyFace();
   ^~~~~~~~~
runner.c:24:3: warning: implicit declaration of function 'switch_init'; did you mean 'lcd_init'? [-Wimplicit-function-declaration]
   switch_init();
   ^~~~~~~~~~~
   lcd_init
msp430-elf-gcc -mmcu=msp430g2553 -Os -I../h -L../lib -L/opt/ti/msp430_gcc/include/ -o screen.elf runner.o wdt_handler.o stateMachine.o draws.o -lTimer -lLcd
msp430loader.sh screen.elf
check 
Detected msp430 dev kit
/opt/ti/uniflash/dslite.sh --config /opt/ti/uniflash/MSP430G2553.ccxml -f  screen.elf
Executing the following command:
> /opt/ti/uniflash_5.1.0/deskdb/content/TICloudAgent/linux/ccs_base/DebugServer/bin/DSLite flash --config /opt/ti/uniflash/MSP430G2553.ccxml -f screen.elf

For more details and examples, please refer to the UniFlash Quick Start guide.

info: MSP430:  Flash/FRAM usage is 1834 bytes. RAM usage is 0 bytes.
student@systems-vm:~/p3-lcd-CarlosOrtiz230/myProgram> make all
make: Nothing to be done for 'all'.
student@systems-vm:~/p3-lcd-CarlosOrtiz230/myProgram> make all
make: Nothing to be done for 'all'.
student@systems-vm:~/p3-lcd-CarlosOrtiz230/myProgram> make
make: Nothing to be done for 'all'.
student@systems-vm:~/p3-lcd-CarlosOrtiz230/myProgram> make clean
rm -f *.o *.elf
student@systems-vm:~/p3-lcd-CarlosOrtiz230/myProgram> make all
msp430-elf-gcc -mmcu=msp430g2553 -Os -I../h   -c -o runner.o runner.c
runner.c: In function 'main':
runner.c:19:3: warning: implicit declaration of function 'funnyFace' [-Wimplicit-function-declaration]
   funnyFace();
   ^~~~~~~~~
runner.c:24:3: warning: implicit declaration of function 'switch_init'; did you mean 'lcd_init'? [-Wimplicit-function-declaration]
   switch_init();
   ^~~~~~~~~~~
   lcd_init
msp430-elf-gcc -mmcu=msp430g2553 -c   -o wdt_handler.o wdt_handler.s
msp430-elf-gcc -mmcu=msp430g2553 -Os -I../h   -c -o stateMachine.o stateMachine.c
stateMachine.c: In function 'wdt_c_handler':
stateMachine.c:49:7: warning: implicit declaration of function 'funnyFace' [-Wimplicit-function-declaration]
       funnyFace();
       ^~~~~~~~~
msp430-elf-gcc -mmcu=msp430g2553 -Os -I../h   -c -o draws.o draws.c
msp430-elf-gcc -mmcu=msp430g2553 -Os -I../h -L../lib -L/opt/ti/msp430_gcc/include/ -o screen.elf runner.o wdt_handler.o stateMachine.o draws.o -lTimer -lLcd
student@systems-vm:~/p3-lcd-CarlosOrtiz230/myProgram> make load
msp430-elf-gcc -mmcu=msp430g2553 -Os -I../h   -c -o stateMachine.o stateMachine.c
stateMachine.c: In function 'wdt_c_handler':
stateMachine.c:49:7: warning: implicit declaration of function 'funnyFace' [-Wimplicit-function-declaration]
       funnyFace();
       ^~~~~~~~~
msp430-elf-gcc -mmcu=msp430g2553 -Os -I../h -L../lib -L/opt/ti/msp430_gcc/include/ -o screen.elf runner.o wdt_handler.o stateMachine.o draws.o -lTimer -lLcd
msp430loader.sh screen.elf
check 
Detected msp430 dev kit
/opt/ti/uniflash/dslite.sh --config /opt/ti/uniflash/MSP430G2553.ccxml -f  screen.elf
Executing the following command:
> /opt/ti/uniflash_5.1.0/deskdb/content/TICloudAgent/linux/ccs_base/DebugServer/bin/DSLite flash --config /opt/ti/uniflash/MSP430G2553.ccxml -f screen.elf

For more details and examples, please refer to the UniFlash Quick Start guide.

info: MSP430:  Flash/FRAM usage is 1834 bytes. RAM usage is 0 bytes.
student@systems-vm:~/p3-lcd-CarlosOrtiz230/myProgram> make all
make: Nothing to be done for 'all'.
student@systems-vm:~/p3-lcd-CarlosOrtiz230/myProgram> make all
make: Nothing to be done for 'all'.
student@systems-vm:~/p3-lcd-CarlosOrtiz230/myProgram> make
make: Nothing to be done for 'all'.
student@systems-vm:~/p3-lcd-CarlosOrtiz230/myProgram> make clean
rm -f *.o *.elf
student@systems-vm:~/p3-lcd-CarlosOrtiz230/myProgram> make all
msp430-elf-gcc -mmcu=msp430g2553 -Os -I../h   -c -o runner.o runner.c
runner.c: In function 'main':
runner.c:19:3: warning: implicit declaration of function 'funnyFace' [-Wimplicit-function-declaration]
   funnyFace();
   ^~~~~~~~~
runner.c:24:3: warning: implicit declaration of function 'switch_init'; did you mean 'lcd_init'? [-Wimplicit-function-declaration]
   switch_init();
   ^~~~~~~~~~~
   lcd_init
msp430-elf-gcc -mmcu=msp430g2553 -c   -o wdt_handler.o wdt_handler.s
msp430-elf-gcc -mmcu=msp430g2553 -Os -I../h   -c -o stateMachine.o stateMachine.c
stateMachine.c: In function 'wdt_c_handler':
stateMachine.c:49:7: warning: implicit declaration of function 'funnyFace' [-Wimplicit-function-declaration]
       funnyFace();
       ^~~~~~~~~
msp430-elf-gcc -mmcu=msp430g2553 -Os -I../h   -c -o draws.o draws.c
msp430-elf-gcc -mmcu=msp430g2553 -Os -I../h -L../lib -L/opt/ti/msp430_gcc/include/ -o screen.elf runner.o wdt_handler.o stateMachine.o draws.o -lTimer -lLcd
student@systems-vm:~/p3-lcd-CarlosOrtiz230/myProgram> 
student@systems-vm:~/p3-lcd-CarlosOrtiz230/myProgram> make load
msp430loader.sh screen.elf
check 
Detected msp430 dev kit
/opt/ti/uniflash/dslite.sh --config /opt/ti/uniflash/MSP430G2553.ccxml -f  screen.elf
Executing the following command:
> /opt/ti/uniflash_5.1.0/deskdb/content/TICloudAgent/linux/ccs_base/DebugServer/bin/DSLite flash --config /opt/ti/uniflash/MSP430G2553.ccxml -f screen.elf

For more details and examples, please refer to the UniFlash Quick Start guide.

info: MSP430:  Flash/FRAM usage is 1834 bytes. RAM usamake loadge is 0 bytes.
student@systems-vm:~/p3-lcd-CarlosOrtiz230/myProgram> make clean
rm -f *.o *.elf
student@systems-vm:~/p3-lcd-CarlosOrtiz230/myProgram> make all
msp430-elf-gcc -mmcu=msp430g2553 -Os -I../h   -c -o runner.o runner.c
runner.c: In function 'main':
runner.c:24:3: warning: implicit declaration of function 'switch_init'; did you mean 'lcd_init'? [-Wimplicit-function-declaration]
   switch_init();
   ^~~~~~~~~~~
   lcd_init
msp430-elf-gcc -mmcu=msp430g2553 -c   -o wdt_handler.o wdt_handler.s
msp430-elf-gcc -mmcu=msp430g2553 -Os -I../h   -c -o stateMachine.o stateMachine.c
msp430-elf-gcc -mmcu=msp430g2553 -Os -I../h   -c -o draws.o draws.c
msp430-elf-gcc -mmcu=msp430g2553 -Os -I../h -L../lib -L/opt/ti/msp430_gcc/include/ -o screen.elf runner.o wdt_handler.o stateMachine.o draws.o -lTimer -lLcd
student@systems-vm:~/p3-lcd-CarlosOrtiz230/myProgram> info: MSP430:  Flash/FRAM usage is 1834 bytes. RAM usamake loadge is 0 bytes.
student@systems-vm:~/p3-lcd-CarlosOrtiz230/myProgram> 
If 'info:' is not a typo you can use command-not-found to lookup the package that contains it, like this:
    cnf info:
student@systems-vm:~/p3-lcd-CarlosOrtiz230/myProgram> bash: syntax error near unexpected token `newline'
student@systems-vm:~/p3-lcd-CarlosOrtiz230/myProgram> make load
msp430-elf-gcc -mmcu=msp430g2553 -Os -I../h   -c -o runner.o runner.c
runner.c: In function 'main':
runner.c:23:3: warning: implicit declaration of function 'switch_init'; did you mean 'lcd_init'? [-Wimplicit-function-declaration]
   switch_init();
   ^~~~~~~~~~~
   lcd_init
msp430-elf-gcc -mmcu=msp430g2553 -Os -I../h -L../lib -L/opt/ti/msp430_gcc/include/ -o screen.elf runner.o wdt_handler.o stateMachine.o draws.o -lTimer -lLcd
msp430loader.sh screen.elf
check 
Detected msp430 dev kit
/opt/ti/uniflash/dslite.sh --config /opt/ti/uniflash/MSP430G2553.ccxml -f  screen.elf
Executing the following command:
> /opt/ti/uniflash_5.1.0/deskdb/content/TICloudAgent/linux/ccs_base/DebugServer/bin/DSLite flash --config /opt/ti/uniflash/MSP430G2553.ccxml -f screen.elf

For more details and examples, please refer to the UniFlash Quick Start guide.

info: MSP430:  Flash/FRAM usage is 1834 bytes. RAM usage is 0 bytes.
student@systems-vm:~/p3-lcd-CarlosOrtiz230/myProgram> 
student@systems-vm:~/p3-lcd-CarlosOrtiz230/myProgram> make load
msp430-elf-gcc -mmcu=msp430g2553 -Os -I../h   -c -o runner.o runner.c
runner.c: In function 'main':
runner.c:23:3: warning: implicit declaration of function 'switch_init'; did you mean 'lcd_init'? [-Wimplicit-function-declaration]
   switch_init();
   ^~~~~~~~~~~
   lcd_init
msp430-elf-gcc -mmcu=msp430g2553 -Os -I../h -L../lib -L/opt/ti/msp430_gcc/include/ -o screen.elf runner.o wdt_handler.o stateMachine.o draws.o -lTimer -lLcd
msp430loader.sh screen.elf
check 
Detected msp430 dev kit
/opt/ti/uniflash/dslite.sh --config /opt/ti/uniflash/MSP430G2553.ccxml -f  screen.elf
Executing the following command:
> /opt/ti/uniflash_5.1.0/deskdb/content/TICloudAgent/linux/ccs_base/DebugServer/bin/DSLite flash --config /opt/ti/uniflash/MSP430G2553.ccxml -f screen.elf

For more details and examples, please refer to the UniFlash Quick Start guide.

info: MSP430:  Flash/FRAM usage is 1830 bytes. RAM usage is 0 bytes.
student@systems-vm:~/p3-lcd-CarlosOrtiz230/myProgram> make load
msp430-elf-gcc -mmcu=msp430g2553 -Os -I../h   -c -o runner.o runner.c
runner.c: In function 'main':
runner.c:23:3: warning: implicit declaration of function 'switch_init'; did you mean 'lcd_init'? [-Wimplicit-function-declaration]
   switch_init();
   ^~~~~~~~~~~
   lcd_init
msp430-elf-gcc -mmcu=msp430g2553 -Os -I../h -L../lib -L/opt/ti/msp430_gcc/include/ -o screen.elf runner.o wdt_handler.o stateMachine.o draws.o -lTimer -lLcd
msp430loader.sh screen.elf
check 
Detected msp430 dev kit
/opt/ti/uniflash/dslite.sh --config /opt/ti/uniflash/MSP430G2553.ccxml -f  screen.elf
Executing the following command:
> /opt/ti/uniflash_5.1.0/deskdb/content/TICloudAgent/linux/ccs_base/DebugServer/bin/DSLite flash --config /opt/ti/uniflash/MSP430G2553.ccxml -f screen.elf

For more details and examples, please refer to the UniFlash Quick Start guide.

info: MSP430:  Flash/FRAM usage is 1780 bytes. RAM usage is 0 bytes.
student@systems-vm:~/p3-lcd-CarlosOrtiz230/myProgram> make clean
rm -f *.o *.elf
student@systems-vm:~/p3-lcd-CarlosOrtiz230/myProgram> make all
msp430-elf-gcc -mmcu=msp430g2553 -Os -I../h   -c -o runner.o runner.c
runner.c: In function 'main':
runner.c:23:3: warning: implicit declaration of function 'switch_init'; did you mean 'lcd_init'? [-Wimplicit-function-declaration]
   switch_init();
   ^~~~~~~~~~~
   lcd_init
msp430-elf-gcc -mmcu=msp430g2553 -c   -o wdt_handler.o wdt_handler.s
msp430-elf-gcc -mmcu=msp430g2553 -Os -I../h   -c -o stateMachine.o stateMachine.c
msp430-elf-gcc -mmcu=msp430g2553 -Os -I../h   -c -o draws.o draws.c
msp430-elf-gcc -mmcu=msp430g2553 -Os -I../h -L../lib -L/opt/ti/msp430_gcc/include/ -o screen.elf runner.o wdt_handler.o stateMachine.o draws.o -lTimer -lLcd
student@systems-vm:~/p3-lcd-CarlosOrtiz230/myProgram> make load
msp430-elf-gcc -mmcu=msp430g2553 -Os -I../h   -c -o runner.o runner.c
msp430-elf-gcc -mmcu=msp430g2553 -Os -I../h -L../lib -L/opt/ti/msp430_gcc/include/ -o screen.elf runner.o wdt_handler.o stateMachine.o draws.o -lTimer -lLcd
msp430loader.sh screen.elf
check 
Detected msp430 dev kit
/opt/ti/uniflash/dslite.sh --config /opt/ti/uniflash/MSP430G2553.ccxml -f  screen.elf
Executing the following command:
> /opt/ti/uniflash_5.1.0/deskdb/content/TICloudAgent/linux/ccs_base/DebugServer/bin/DSLite flash --config /opt/ti/uniflash/MSP430G2553.ccxml -f screen.elf

For more details and examples, please refer to the UniFlash Quick Start guide.

info: MSP430:  Flash/FRAM usage is 1830 bytes. RAM usage is 0 bytes.
student@systems-vm:~/p3-lcd-CarlosOrtiz230/myProgram> make clean
rm -f *.o *.elf
student@systems-vm:~/p3-lcd-CarlosOrtiz230/myProgram> make all
msp430-elf-gcc -mmcu=msp430g2553 -Os -I../h   -c -o runner.o runner.c
msp430-elf-gcc -mmcu=msp430g2553 -c   -o wdt_handler.o wdt_handler.s
msp430-elf-gcc -mmcu=msp430g2553 -Os -I../h   -c -o stateMachine.o stateMachine.c
msp430-elf-gcc -mmcu=msp430g2553 -Os -I../h   -c -o draws.o draws.c
msp430-elf-gcc -mmcu=msp430g2553 -Os -I../h -L../lib -L/opt/ti/msp430_gcc/include/ -o screen.elf runner.o wdt_handler.o stateMachine.o draws.o -lTimer -lLcd
student@systems-vm:~/p3-lcd-CarlosOrtiz230/myProgram> make all
make: Nothing to be done for 'all'.
student@systems-vm:~/p3-lcd-CarlosOrtiz230/myProgram> make clean
rm -f *.o *.elf
student@systems-vm:~/p3-lcd-CarlosOrtiz230/myProgram> make all
msp430-elf-gcc -mmcu=msp430g2553 -Os -I../h   -c -o runner.o runner.c
msp430-elf-gcc -mmcu=msp430g2553 -c   -o wdt_handler.o wdt_handler.s
msp430-elf-gcc -mmcu=msp430g2553 -Os -I../h   -c -o stateMachine.o stateMachine.c
msp430-elf-gcc -mmcu=msp430g2553 -Os -I../h   -c -o draws.o draws.c
msp430-elf-gcc -mmcu=msp430g2553 -Os -I../h -L../lib -L/opt/ti/msp430_gcc/include/ -o screen.elf runner.o wdt_handler.o stateMachine.o draws.o -lTimer -lLcd
student@systems-vm:~/p3-lcd-CarlosOrtiz230/myProgram> make load
msp430loader.sh screen.elf
check 
Detected msp430 dev kit
/opt/ti/uniflash/dslite.sh --config /opt/ti/uniflash/MSP430G2553.ccxml -f  screen.elf
Executing the following command:
> /opt/ti/uniflash_5.1.0/deskdb/content/TICloudAgent/linux/ccs_base/DebugServer/bin/DSLite flash --config /opt/ti/uniflash/MSP430G2553.ccxml -f screen.elf

For more details and examples, please refer to the UniFlash Quick Start guide.

info: MSP430:  Flash/FRAM usage is 1830 bytes. RAM usage is 0 bytes.
student@systems-vm:~/p3-lcd-CarlosOrtiz230/myProgram> make load
msp430-elf-gcc -mmcu=msp430g2553 -Os -I../h   -c -o runner.o runner.c
msp430-elf-gcc -mmcu=msp430g2553 -Os -I../h -L../lib -L/opt/ti/msp430_gcc/include/ -o screen.elf runner.o wdt_handler.o stateMachine.o draws.o -lTimer -lLcd
msp430loader.sh screen.elf
check 
Detected msp430 dev kit
/opt/ti/uniflash/dslite.sh --config /opt/ti/uniflash/MSP430G2553.ccxml -f  screen.elf
Executing the following command:
> /opt/ti/uniflash_5.1.0/deskdb/content/TICloudAgent/linux/ccs_base/DebugServer/bin/DSLite flash --config /opt/ti/uniflash/MSP430G2553.ccxml -f screen.elf

For more details and examples, please refer to the UniFlash Quick Start guide.

make all
info: MSP430:  Flash/FRAM usage is 1830 bytes. RAM usage is 0 bytes.
student@systems-vm:~/p3-lcd-CarlosOrtiz230/myProgram> make: Nothing to be done for 'all'.
student@systems-vm:~/p3-lcd-CarlosOrtiz230/myProgram> make clean
rm -f *.o *.elf
student@systems-vm:~/p3-lcd-CarlosOrtiz230/myProgram> make all
msp430-elf-gcc -mmcu=msp430g2553 -Os -I../h   -c -o rmaunner.o runner.c
msp430-elf-gcc -mmcu=msp430g2553 -c   -o wdt_handler.o wdt_handler.s
msp430-elf-gcc -mmcu=msp430g2553 -Os -I../h   -c -o stateMachine.o stateMachine.c
stateMachine.c: In function 'switch_interrupt_handler':
stateMachine.c:39:3: error: parameter 'p2val' is initialized
   char p2val = switch_update_interrupt_sense();
   ^~~~
stateMachine.c:40:3: error: expected declaration specifiers before 'switches'
   switches = ~p2val & SWITCHES;
   ^~~~~~~~
stateMachine.c:41:1: error: expected declaration specifiers before '}' token
 }
 ^
stateMachine.c:44:1: error: expected '=', ',', ';', 'asm' or '__attribute__' before '{' token
 {
 ^
stateMachine.c:60:3: error: expected '=', ',', ';', 'asm' or '__attribute__' before '{' token
   {
   ^
stateMachine.c:39:8: error: declaration for parameter 'p2val' but no such parameter
   char p2val = switch_update_interrupt_sense();
        ^~~~~
stateMachine.c:65: error: expected '{' at end of input
   }
 
make: *** [<builtin>: stateMachine.o] Error 1
student@systems-vm:~/p3-lcd-CarlosOrtiz230/myProgram> 
student@systems-vm:~/p3-lcd-CarlosOrtiz230/myProgram> 
student@systems-vm:~/p3-lcd-CarlosOrtiz230/myProgram> 
student@systems-vm:~/p3-lcd-CarlosOrtiz230/myProgram> 
student@systems-vm:~/p3-lcd-CarlosOrtiz230/myProgram> 
student@systems-vm:~/p3-lcd-CarlosOrtiz230/myProgram>msp430-elf-gcc -mmcu=msp430g2553 -Os -I../h   -c -o rmaunner.o runner.c
msp430-elf-gcc -mmcu=msp430g2553 -c   -o wdt_handler.o wdt_handler.s
msp430-elf-gcc -mmcu=msp430g2553 -Os -I../h   -c -o stateMachine.o stateMachine.c
stateMachine.c: In function 'switch_interrupt_handler':
stateMachine.c:39:3: error: parameter 'p2val' is initialized
   char p2val = switch_update_interrupt_sense();
   ^~~~
stateMachine.c:40:3: error: expected declaration specifiers before 'switches'
   switches = ~p2val & SWITCHES;
   ^~~~~~~~
stateMachine.c:41:1: error: expected declaration specifiers before '}' token
 }
 ^
stateMachine.c:44:1: error: expected '=', ',', ';', 'asm' or '__attribute__' before '{' token
 {
 ^
stateMachine.c:60:3: error: expected '=', ',', ';', 'asm' or '__attribute__' before '{' token
   {
   ^
stateMachine.c:39:8: error: declaration for parameter 'p2val' but no such parameter
   char p2val = switch_update_interrupt_sense();
        ^~~~~
stateMachine.c:65: error: expected '{' at end of input
   }
 
make: *** [<builtin>: stateMachine.o] Error 1
student@systems-vm:~/p3-lcd-CarlosOrtiz230/myProgram> 
student@systems-vm:~/p3-lcd-CarlosOrtiz230/myProgram> stateMachine.c: In function 'switch_interrupt_handler':
stateMachine.c:39:3: error: parameter 'p2val' is initialized
   char p2val = switch_update_interrupt_sense();
   ^~~~
stateMachine.c:40:3: error: expected declaration specifiers before 'switches'
   switches = ~p2val & SWITCHES;
   ^~~~~~~~
stateMachine.c:41:1: error: expected declaration specifiers before '}' token
 }
 ^
stateMachine.c:44:1: error: expected '=', ',', ';', 'asm' or '__attribute__' before '{' token
 {
 ^
stateMachine.c:60:3: error: expected '=', ',', ';', 'asm' or '__attribute__' before '{' token
   {
   ^
stateMachine.c:39:8: error: declaration for parameter 'p2val' but no such parameter
   char p2val = switch_update_interrupt_sense();
        ^~~~~
stateMachine.c:65: error: expected '{' at end of input
   }
 
student@systems-vm:~/p3-lcd-CarlosOrtiz230/myProgram> If 'stateMachine.c:' is not a typo you can use command-not-found to lookup the package that contains it, like this:
    cnf stateMachine.c:
student@systems-vm:~/p3-lcd-CarlosOrtiz230/myProgram> If 'stateMachine.c:39:3:' is not a typo you can use command-not-found to lookup the package that contains it, like this:
    cnf stateMachine.c:39:3:
student@systems-vm:~/p3-lcd-CarlosOrtiz230/myProgram> bash: syntax error near unexpected token `('
student@systems-vm:~/p3-lcd-CarlosOrtiz230/myProgram> If '^~~~' is not a typo you can use command-not-found to lookup the package that contains it, like this:
    cnf ^~~~
student@systems-vm:~/p3-lcd-CarlosOrtiz230/myProgram> If 'stateMachine.c:40:3:' is not a typo you can use command-not-found to lookup the package that contains it, like this:
    cnf stateMachine.c:40:3:
student@systems-vm:~/p3-lcd-CarlosOrtiz230/myProgram> [1] 6026
If 'switches' is not a typo you can use command-not-found to lookup the package that contains it, like this:
    cnf switches
If 'SWITCHES' is not a typo you can use command-not-found to lookup the package that contains it, like this:
    cnf SWITCHES
[1]+  Exit 127                switches = ~p2val
student@systems-vm:~/p3-lcd-CarlosOrtiz230/myProgram> If '^~~~~~~~' is not a typo you can use command-not-found to lookup the package that contains it, like this:
    cnf ^~~~~~~~
student@systems-vm:~/p3-lcd-CarlosOrtiz230/myProgram> If 'stateMachine.c:41:1:' is not a typo you can use command-not-found to lookup the package that contains it, like this:
    cnf stateMachine.c:41:1:
student@systems-vm:~/p3-lcd-CarlosOrtiz230/myProgram> bash: syntax error near unexpected token `}'
student@systems-vm:~/p3-lcd-CarlosOrtiz230/myProgram> If '^' is not a typo you can use command-not-found to lookup the package that contains it, like this:
    cnf ^
student@systems-vm:~/p3-lcd-CarlosOrtiz230/myProgram> If 'stateMachine.c:44:1:' is not a typo you can use command-not-found to lookup the package that contains it, like this:
    cnf stateMachine.c:44:1:
student@systems-vm:~/p3-lcd-CarlosOrtiz230/myProgram> > > > > > > bash: syntax error near unexpected token `('
student@systems-vm:~/p3-lcd-CarlosOrtiz230/myProgram> If '^~~~~' is not a typo you can use command-not-found to lookup the package that contains it, like this:
    cnf ^~~~~
student@systems-vm:~/p3-lcd-CarlosOrtiz230/myProgram> If 'stateMachine.c:65:' is not a typo you can use command-not-found to lookup the package that contains it, like this:
    cnf stateMachine.c:65:
student@systems-vm:~/p3-lcd-CarlosOrtiz230/myProgram> bash: syntax error near unexpected token `}'
student@systems-vm:~/p3-lcd-CarlosOrtiz230/myProgram> student@systems-vm:~/p3-lcd-CarlosOrtiz230/myProgram> bash: builtin: No such file or directory
student@systems-vm:~/p3-lcd-CarlosOrtiz230/myProgram> bash: syntax error near unexpected token `newline'
student@systems-vm:~/p3-lcd-CarlosOrtiz230/myProgram> 
student@systems-vm:~/p3-lcd-CarlosOrtiz230/myProgram> 
student@systems-vm:~/p3-lcd-CarlosOrtiz230/myProgram> 
student@systems-vm:~/p3-lcd-CarlosOrtiz230/myProgram> 
student@systems-vm:~/p3-lcd-CarlosOrtiz230/myProgram> make
student@systems-vm:~/p3-lcd-CarlosOrtiz230/myProgram> 
student@systems-vm:~/p3-lcd-CarlosOrtiz230/myProgram> 
student@systems-vm:~/p3-lcd-CarlosOrtiz230/myProgram> make all
msp430-elf-gcc -mmcu=msp430g2553 -Os -I../h   -c -o stateMachine.o stateMachine.c
stateMachine.c: In function 'switch_interrupt_handler':
stateMachine.c:39:3: error: parameter 'p2val' is initialized
   char p2val = switch_update_interrupt_sense();
   ^~~~
stateMachine.c:40:3: error: expected declaration specifiers before 'switches'
   switches = ~p2val & SWITCHES;
   ^~~~~~~~
stateMachine.c:41:1: error: expected declaration specifiers before '}' token
 }
 ^
stateMachine.c:44:1: error: expected '=', ',', ';', 'asm' or '__attribute__' before '{' token
 {
 ^
stateMachine.c:60:3: error: expected '=', ',', ';', 'asm' or '__attribute__' before '{' token
   {
   ^
stateMachine.c:39:8: error: declaration for parameter 'p2val' but no such parameter
   char p2val = switch_update_interrupt_sense();
        ^~~~~
stateMachine.c:65: error: expected '{' at end of input
   }
 
make: *** [<builtin>: stateMachine.o] Error 1
student@systems-vm:~/p3-lcd-CarlosOrtiz230/myProgram> make
msp430-elf-gcc -mmcu=msp430g2553 -Os -I../h   -c -o stateMachine.o stateMachine.c
msp430-elf-gcc -mmcu=msp430g2553 -Os -I../h   -c -o draws.o draws.c
msp430-elf-gcc -mmcu=msp430g2553 -Os -I../h -L../lib -L/opt/ti/msp430_gcc/include/ -o screen.elf runner.o wdt_handler.o stateMachine.o draws.o -lTimer -lLcd
student@systems-vm:~/p3-lcd-CarlosOrtiz230/myProgram> make clean
rm -f *.o *.elf
student@systems-vm:~/p3-lcd-CarlosOrtiz230/myProgram> make all
msp430-elf-gcc -mmcu=msp430g2553 -Os -I../h   -c -o runner.o runner.c
msp430-elf-gcc -mmcu=msp430g2553 -c   -o wdt_handler.o wdt_handler.s
msp430-elf-gcc -mmcu=msp430g2553 -Os -I../h   -c -o stateMachine.o stateMachine.c
msp430-elf-gcc -mmcu=msp430g2553 -Os -I../h   -c -o draws.o draws.c
msp430-elf-gcc -mmcu=msp430g2553 -Os -I../h -L../lib -L/opt/ti/msp430_gcc/include/ -o screen.elf runner.o wdt_handler.o stateMachine.o draws.o -lTimer -lLcd
student@systems-vm:~/p3-lcd-CarlosOrtiz230/myProgrm
If 'm' is not a typo you can use command-not-found to lookup the package that contains it, like this:
    cnf m
student@systems-vm:~/p3-lcd-CarlosOrtiz230/myProgram> 
student@systems-vm:~/p3-lcd-CarlosOrtiz230/myProgram> 
student@systems-vm:~/p3-lcd-CarlosOrtiz230/myProgram> 
student@systems-vm:~/p3-lcd-CarlosOrtiz230/myProgram> 
student@systems-vm:~/p3-lcd-CarlosOrtiz230/myProgram> 
student@systems-vm:~/p3-lcd-CarlosOrtiz230/myProgram> 
student@systems-vm:~/p3-lcd-CarlosOrtiz230/myProgram> 
student@systems-vm:~/p3-lcd-CarlosOrtiz230/myProgram> 
student@systems-vm:~/p3-lcd-CarlosOrtiz230/myProgram> 
student@systems-vm:~/p3-lcd-CarlosOrtiz230/myProgram> make clean
rm -f *.o *.elf
student@systems-vm:~/p3-lcd-CarlosOrtiz230/myProgram> make all
msp430-elf-gcc -mmcu=msp430g2553 -Os -I../h   -c -o runner.o runner.c
msp430-elf-gcc -mmcu=msp430g2553 -c   -o wdt_handler.o wdt_handler.s
msp430-elf-gcc -mmcu=msp430g2553 -Os -I../h   -c -o stateMachine.o stateMachine.c
msp430-elf-gcc -mmcu=msp430g2553 -Os -I../h   -c -o draws.o draws.c
msp430-elf-gcc -mmcu=msp430g2553 -Os -I../h -L../lib -L/opt/ti/msp430_gcc/include/ -o screen.elf runner.o wdt_handler.o stateMachine.o draws.o -lTimer -lLcd
student@systems-vm:~/p3-lcd-CarlosOrtiz230/myProgram> make load
msp430-elf-gcc -mmcu=msp430g2553 -Os -I../h   -c -o stateMachine.o stateMachine.c
msp430-elf-gcc -mmcu=msp430g2553 -Os -I../h -L../lib -L/opt/ti/msp430_gcc/include/ -o screen.elf runner.o wdt_handler.o stateMachine.o draws.o -lTimer -lLcd
msp430loader.sh screen.elf
check 
Detected msp430 dev kit
/opt/ti/uniflash/dslite.sh --config /opt/ti/uniflash/MSP430G2553.ccxml -f  screen.elf
Executing the following command:
> /opt/ti/uniflash_5.1.0/deskdb/content/TICloudAgent/linux/ccs_base/DebugServer/bin/DSLite flash --config /opt/ti/uniflash/MSP430G2553.ccxml -f screen.elf

For more details and examples, please refer to the UniFlash Quick Start guide.

info: MSP430:  Flash/FRAM usage is 1830 bytes. RAM usage is 0 bytes.
student@systems-vm:~/p3-lcd-CarlosOrtiz230/myProgram> make all
make: Nothing to be done for 'all'.
student@systems-vm:~/p3-lcd-CarlosOrtiz230/myProgram> make clean
rm -f *.o *.elf
student@systems-vm:~/p3-lcd-CarlosOrtiz230/myProgram> make all
msp430-elf-gcc -mmcu=msp430g2553 -Os -I../h   -c -o runner.o runner.c
msp430-elf-gcc -mmcu=msp430g2553 -c   -o wdt_handler.o wdt_handler.s
msp430-elf-gcc -mmcu=msp430g2553 -Os -I../h   -c -o stateMachine.o stateMachine.c
msp430-elf-gcc -mmcu=msp430g2553 -Os -I../h   -c -o draws.o draws.c
msp430-elf-gcc -mmcu=msp430g2553 -Os -I../h -L../lib -L/opt/ti/msp430_gcc/include/ -o screen.elf runner.o wdt_handler.o stateMachine.o draws.o -lTimer -lLcd
student@systems-vm:~/p3-lcd-CarlosOrtiz230/myProgram> make 
make: Nothing to be done for 'all'.
student@systems-vm:~/p3-lcd-CarlosOrtiz230/myProgram> 